#
# A fatal error has been detected by the Java Runtime Environment:
#
#  EXCEPTION_ACCESS_VIOLATION (0xc0000005) at pc=0x00007ff979276f56, pid=11308, tid=18756
#
# JRE version: OpenJDK Runtime Environment Temurin-11.0.15+10 (11.0.15+10) (build 11.0.15+10)
# Java VM: OpenJDK 64-Bit Server VM Temurin-11.0.15+10 (11.0.15+10, mixed mode, tiered, compressed oops, g1 gc, windows-amd64)
# Problematic frame:
# C  [igxelpicd64.dll+0x1e6f56]
#
# No core dump will be written. Minidumps are not enabled by default on client versions of Windows
#
# If you would like to submit a bug report, please visit:
#   https://github.com/adoptium/adoptium-support/issues
#

---------------  S U M M A R Y ------------

Command Line: -Dfile.encoding=UTF-8 terminal.Main

Host: 11th Gen Intel(R) Core(TM) i7-1165G7 @ 2.80GHz, 8 cores, 15G,  Windows 11 , 64 bit Build 22000 (10.0.22000.1880)
Time: Fri Jun 16 11:12:02 2023 Central Daylight Time elapsed time: 0.755803 seconds (0d 0h 0m 0s)

---------------  T H R E A D  ---------------

Current thread (0x000002ae66960800):  VMThread "VM Thread" [stack: 0x000000beb6800000,0x000000beb6900000] [id=18756]

Stack: [0x000000beb6800000,0x000000beb6900000],  sp=0x000000beb68fdf30,  free space=1015k
Native frames: (J=compiled Java code, j=interpreted, Vv=VM code, C=native code)
C  [igxelpicd64.dll+0x1e6f56]


siginfo: EXCEPTION_ACCESS_VIOLATION (0xc0000005), reading address 0x0000000000035458


Register to memory mapping:

RIP=0x00007ff979276f56 igxelpicd64.dll
RAX=0x000002ae6f50f820 points into unknown readable memory: 0x000000000000003a | 3a 00 00 00 00 00 00 00
RBX=0x000002ae67a64fe0 points into unknown readable memory: 0xffffffffffffffff | ff ff ff ff ff ff ff ff
RCX=0x0 is NULL
RDX=0x0 is NULL
RSP=0x000000beb68fdf30 points into unknown readable memory: 0x000002ae67a64fe0 | e0 4f a6 67 ae 02 00 00
RBP=0x0 is NULL
RSI=0x000002ae6f50f720 points into unknown readable memory: 0x000002ae67a60620 | 20 06 a6 67 ae 02 00 00
RDI=0x000002ae676cbbc0 points into unknown readable memory: 0x0000000000000000 | 00 00 00 00 00 00 00 00
R8 =0x000002ae6f50f820 points into unknown readable memory: 0x000000000000003a | 3a 00 00 00 00 00 00 00
R9 =0x0 is NULL
R10=0x0 is NULL
R11=0x0000000000000246 is an unknown value
R12=0x000002ae6f50f720 points into unknown readable memory: 0x000002ae67a60620 | 20 06 a6 67 ae 02 00 00
R13=0x0 is NULL
R14=0x000002ae67d66e60 points into unknown readable memory: 0x000002ae67a60620 | 20 06 a6 67 ae 02 00 00
R15=0x000002ae6f50fc68 points into unknown readable memory: 0x000002ae67d66e60 | 60 6e d6 67 ae 02 00 00


Registers:
RAX=0x000002ae6f50f820, RBX=0x000002ae67a64fe0, RCX=0x0000000000000000, RDX=0x0000000000000000
RSP=0x000000beb68fdf30, RBP=0x0000000000000000, RSI=0x000002ae6f50f720, RDI=0x000002ae676cbbc0
R8 =0x000002ae6f50f820, R9 =0x0000000000000000, R10=0x0000000000000000, R11=0x0000000000000246
R12=0x000002ae6f50f720, R13=0x0000000000000000, R14=0x000002ae67d66e60, R15=0x000002ae6f50fc68
RIP=0x00007ff979276f56, EFLAGS=0x0000000000010202

Top of Stack: (sp=0x000000beb68fdf30)
0x000000beb68fdf30:   000002ae67a64fe0 0000000000000000
0x000000beb68fdf40:   0000000000000000 0000000000000000
0x000000beb68fdf50:   0000001600000000 0000000000000000
0x000000beb68fdf60:   0000000000000000 0000000000000000
0x000000beb68fdf70:   000002ae67a64fe0 0000000000000000
0x000000beb68fdf80:   0000000000000000 0000000000000000
0x000000beb68fdf90:   0000000000000000 0000000000000000
0x000000beb68fdfa0:   0000000000000000 0000000000000000
0x000000beb68fdfb0:   0000000000000000 0000000000000000
0x000000beb68fdfc0:   0000000000000000 0000000000000000
0x000000beb68fdfd0:   0000000000000000 0000000000000000
0x000000beb68fdfe0:   0000000000000000 0000000000000000
0x000000beb68fdff0:   0000000000000000 0000000000000000
0x000000beb68fe000:   0000000000000000 0000000000000000
0x000000beb68fe010:   0000000000000000 00007ff9d62e79c4
0x000000beb68fe020:   0000000000000000 0000000000000000 

Instructions: (pc=0x00007ff979276f56)
0x00007ff979276e56:   00 90 4c 8b b7 80 02 00 00 48 8b 05 3a 65 c2 00
0x00007ff979276e66:   8b 80 c0 0a 00 00 89 44 24 24 c6 44 24 20 00 48
0x00007ff979276e76:   c7 87 80 02 00 00 00 00 00 00 c7 87 88 02 00 00
0x00007ff979276e86:   00 00 00 00 48 c7 87 a0 02 00 00 00 00 00 00 48
0x00007ff979276e96:   c7 87 90 02 00 00 00 00 00 00 48 85 ed 75 3d 8b
0x00007ff979276ea6:   35 2d 33 d2 00 65 48 8b 04 25 58 00 00 00 b9 14
0x00007ff979276eb6:   00 00 00 48 8b 04 f0 40 38 2c 01 0f 84 d5 c4 78
0x00007ff979276ec6:   00 65 48 8b 04 25 58 00 00 00 bd 20 00 00 00 48
0x00007ff979276ed6:   8b 04 f0 48 8b 2c 28 48 89 6c 24 28 48 3b 2d 37
0x00007ff979276ee6:   57 d2 00 0f 84 90 10 00 00 4d 85 f6 0f 84 3a 01
0x00007ff979276ef6:   00 00 0f 1f 84 00 00 00 00 00 49 8b f6 4d 8b e6
0x00007ff979276f06:   4d 8d be 48 05 00 00 4d 8b 37 45 84 ed 0f 85 01
0x00007ff979276f16:   0f 00 00 8b 8f d0 01 00 00 48 8b 05 7a 64 c2 00
0x00007ff979276f26:   83 b8 64 03 00 00 02 75 34 4d 8d 84 24 00 01 00
0x00007ff979276f36:   00 83 f9 10 0f 83 3a 01 00 00 8b c1 48 c1 e0 06
0x00007ff979276f46:   49 03 c0 48 85 c0 0f 84 9b 01 00 00 48 8b 50 08
0x00007ff979276f56:   48 3b 95 58 54 03 00 0f 87 c7 0e 00 00 48 83 be
0x00007ff979276f66:   a0 05 00 00 00 0f 85 5c c4 78 00 44 8b 8f d0 01
0x00007ff979276f76:   00 00 48 8b 87 e8 01 00 00 4c 8b 00 8b 8f d0 01
0x00007ff979276f86:   00 00 48 8d 9e 00 01 00 00 83 f9 10 0f 83 1e 01
0x00007ff979276f96:   00 00 8b c1 48 c1 e0 06 48 03 c3 48 85 c0 0f 84
0x00007ff979276fa6:   4a 01 00 00 4c 39 40 08 0f 86 40 01 00 00 48 8b
0x00007ff979276fb6:   87 80 02 00 00 49 89 07 48 89 b7 80 02 00 00 ff
0x00007ff979276fc6:   87 88 02 00 00 48 8b 4e 08 48 8b 01 ba 01 00 00
0x00007ff979276fd6:   00 48 8b 80 d8 02 00 00 ff 15 24 16 8e 00 0f b7
0x00007ff979276fe6:   c8 48 2b c1 48 05 00 00 01 00 48 01 87 90 02 00
0x00007ff979276ff6:   00 48 8b 4e 08 48 8b 01 ba 01 00 00 00 48 8b 80
0x00007ff979277006:   d8 02 00 00 ff 15 f8 15 8e 00 48 01 87 a0 02 00
0x00007ff979277016:   00 0f b6 54 24 20 4d 85 f6 0f 85 db fe ff ff 84
0x00007ff979277026:   d2 0f 85 5f 0f 00 00 48 8b 5c 24 40 48 8b cf 80
0x00007ff979277036:   7c 24 22 00 0f 85 35 0f 00 00 e8 8b f9 ff ff 90
0x00007ff979277046:   48 8b cb ff 15 c9 10 8e 00 48 8b 8c 24 50 01 00 


Stack slot to memory mapping:
stack at sp + 0 slots: 0x000002ae67a64fe0 points into unknown readable memory: 0xffffffffffffffff | ff ff ff ff ff ff ff ff
stack at sp + 1 slots: 0x0 is NULL
stack at sp + 2 slots: 0x0 is NULL
stack at sp + 3 slots: 0x0 is NULL
stack at sp + 4 slots: 0x0000001600000000 is an unknown value
stack at sp + 5 slots: 0x0 is NULL
stack at sp + 6 slots: 0x0 is NULL
stack at sp + 7 slots: 0x0 is NULL

VM_Operation (0x000000beb62fe420): Exit, mode: safepoint, requested by thread 0x000002ae4119d000


---------------  P R O C E S S  ---------------

Threads class SMR info:
_java_thread_list=0x000002ae673d14c0, length=10, elements={
0x000002ae4119d000, 0x000002ae66962000, 0x000002ae6696d800, 0x000002ae6697d800,
0x000002ae6726d800, 0x000002ae67270000, 0x000002ae67271000, 0x000002ae67287000,
0x000002ae67299000, 0x000002ae67400000
}

Java Threads: ( => current thread )
  0x000002ae4119d000 JavaThread "main" [_thread_blocked, id=12232, stack(0x000000beb6200000,0x000000beb6300000)]
  0x000002ae66962000 JavaThread "Reference Handler" daemon [_thread_blocked, id=13716, stack(0x000000beb6900000,0x000000beb6a00000)]
  0x000002ae6696d800 JavaThread "Finalizer" daemon [_thread_blocked, id=17260, stack(0x000000beb6a00000,0x000000beb6b00000)]
  0x000002ae6697d800 JavaThread "Signal Dispatcher" daemon [_thread_blocked, id=8872, stack(0x000000beb6b00000,0x000000beb6c00000)]
  0x000002ae6726d800 JavaThread "Attach Listener" daemon [_thread_blocked, id=18328, stack(0x000000beb6c00000,0x000000beb6d00000)]
  0x000002ae67270000 JavaThread "Service Thread" daemon [_thread_blocked, id=11512, stack(0x000000beb6d00000,0x000000beb6e00000)]
  0x000002ae67271000 JavaThread "C2 CompilerThread0" daemon [_thread_blocked, id=18308, stack(0x000000beb6e00000,0x000000beb6f00000)]
  0x000002ae67287000 JavaThread "C1 CompilerThread0" daemon [_thread_blocked, id=3728, stack(0x000000beb6f00000,0x000000beb7000000)]
  0x000002ae67299000 JavaThread "Sweeper thread" daemon [_thread_blocked, id=2936, stack(0x000000beb7000000,0x000000beb7100000)]
  0x000002ae67400000 JavaThread "Common-Cleaner" daemon [_thread_blocked, id=8956, stack(0x000000beb7200000,0x000000beb7300000)]

Other Threads:
=>0x000002ae66960800 VMThread "VM Thread" [stack: 0x000000beb6800000,0x000000beb6900000] [id=18756]
  0x000002ae411b8000 GCTaskThread "GC Thread#0" [stack: 0x000000beb6300000,0x000000beb6400000] [id=1000]
  0x000002ae41212800 ConcurrentGCThread "G1 Main Marker" [stack: 0x000000beb6400000,0x000000beb6500000] [id=21816]
  0x000002ae4121a800 ConcurrentGCThread "G1 Conc#0" [stack: 0x000000beb6500000,0x000000beb6600000] [id=2912]
  0x000002ae4126e800 ConcurrentGCThread "G1 Refine#0" [stack: 0x000000beb6600000,0x000000beb6700000] [id=6264]
  0x000002ae6683f800 ConcurrentGCThread "G1 Young RemSet Sampling" [stack: 0x000000beb6700000,0x000000beb6800000] [id=20948]

Threads with active compile tasks:

VM state:at safepoint (shutting down)

VM Mutex/Monitor currently owned by a thread:  ([mutex/lock_event])
[0x000002ae4119a4b0] Threads_lock - owner thread: 0x000002ae66960800

Heap address: 0x0000000709600000, size: 3946 MB, Compressed Oops mode: Zero based, Oop shift amount: 3
Narrow klass base: 0x0000000800000000, Narrow klass shift: 0
Compressed class space size: 1073741824 Address: 0x0000000800000000

Heap:
 garbage-first heap   total 253952K, used 10240K [0x0000000709600000, 0x0000000800000000)
  region size 1024K, 11 young (11264K), 0 survivors (0K)
 Metaspace       used 10206K, capacity 10418K, committed 10624K, reserved 1058816K
  class space    used 741K, capacity 819K, committed 896K, reserved 1048576K
Heap Regions: E=young(eden), S=young(survivor), O=old, HS=humongous(starts), HC=humongous(continues), CS=collection set, F=free, A=archive, TAMS=top-at-mark-start (previous, next)
|   0|0x0000000709600000, 0x0000000709600000, 0x0000000709700000|  0%| F|  |TAMS 0x0000000709600000, 0x0000000709600000| Untracked 
|   1|0x0000000709700000, 0x0000000709700000, 0x0000000709800000|  0%| F|  |TAMS 0x0000000709700000, 0x0000000709700000| Untracked 
|   2|0x0000000709800000, 0x0000000709800000, 0x0000000709900000|  0%| F|  |TAMS 0x0000000709800000, 0x0000000709800000| Untracked 
|   3|0x0000000709900000, 0x0000000709900000, 0x0000000709a00000|  0%| F|  |TAMS 0x0000000709900000, 0x0000000709900000| Untracked 
|   4|0x0000000709a00000, 0x0000000709a00000, 0x0000000709b00000|  0%| F|  |TAMS 0x0000000709a00000, 0x0000000709a00000| Untracked 
|   5|0x0000000709b00000, 0x0000000709b00000, 0x0000000709c00000|  0%| F|  |TAMS 0x0000000709b00000, 0x0000000709b00000| Untracked 
|   6|0x0000000709c00000, 0x0000000709c00000, 0x0000000709d00000|  0%| F|  |TAMS 0x0000000709c00000, 0x0000000709c00000| Untracked 
|   7|0x0000000709d00000, 0x0000000709d00000, 0x0000000709e00000|  0%| F|  |TAMS 0x0000000709d00000, 0x0000000709d00000| Untracked 
|   8|0x0000000709e00000, 0x0000000709e00000, 0x0000000709f00000|  0%| F|  |TAMS 0x0000000709e00000, 0x0000000709e00000| Untracked 
|   9|0x0000000709f00000, 0x0000000709f00000, 0x000000070a000000|  0%| F|  |TAMS 0x0000000709f00000, 0x0000000709f00000| Untracked 
|  10|0x000000070a000000, 0x000000070a000000, 0x000000070a100000|  0%| F|  |TAMS 0x000000070a000000, 0x000000070a000000| Untracked 
|  11|0x000000070a100000, 0x000000070a100000, 0x000000070a200000|  0%| F|  |TAMS 0x000000070a100000, 0x000000070a100000| Untracked 
|  12|0x000000070a200000, 0x000000070a200000, 0x000000070a300000|  0%| F|  |TAMS 0x000000070a200000, 0x000000070a200000| Untracked 
|  13|0x000000070a300000, 0x000000070a300000, 0x000000070a400000|  0%| F|  |TAMS 0x000000070a300000, 0x000000070a300000| Untracked 
|  14|0x000000070a400000, 0x000000070a400000, 0x000000070a500000|  0%| F|  |TAMS 0x000000070a400000, 0x000000070a400000| Untracked 
|  15|0x000000070a500000, 0x000000070a500000, 0x000000070a600000|  0%| F|  |TAMS 0x000000070a500000, 0x000000070a500000| Untracked 
|  16|0x000000070a600000, 0x000000070a600000, 0x000000070a700000|  0%| F|  |TAMS 0x000000070a600000, 0x000000070a600000| Untracked 
|  17|0x000000070a700000, 0x000000070a700000, 0x000000070a800000|  0%| F|  |TAMS 0x000000070a700000, 0x000000070a700000| Untracked 
|  18|0x000000070a800000, 0x000000070a800000, 0x000000070a900000|  0%| F|  |TAMS 0x000000070a800000, 0x000000070a800000| Untracked 
|  19|0x000000070a900000, 0x000000070a900000, 0x000000070aa00000|  0%| F|  |TAMS 0x000000070a900000, 0x000000070a900000| Untracked 
|  20|0x000000070aa00000, 0x000000070aa00000, 0x000000070ab00000|  0%| F|  |TAMS 0x000000070aa00000, 0x000000070aa00000| Untracked 
|  21|0x000000070ab00000, 0x000000070ab00000, 0x000000070ac00000|  0%| F|  |TAMS 0x000000070ab00000, 0x000000070ab00000| Untracked 
|  22|0x000000070ac00000, 0x000000070ac00000, 0x000000070ad00000|  0%| F|  |TAMS 0x000000070ac00000, 0x000000070ac00000| Untracked 
|  23|0x000000070ad00000, 0x000000070ad00000, 0x000000070ae00000|  0%| F|  |TAMS 0x000000070ad00000, 0x000000070ad00000| Untracked 
|  24|0x000000070ae00000, 0x000000070ae00000, 0x000000070af00000|  0%| F|  |TAMS 0x000000070ae00000, 0x000000070ae00000| Untracked 
|  25|0x000000070af00000, 0x000000070af00000, 0x000000070b000000|  0%| F|  |TAMS 0x000000070af00000, 0x000000070af00000| Untracked 
|  26|0x000000070b000000, 0x000000070b000000, 0x000000070b100000|  0%| F|  |TAMS 0x000000070b000000, 0x000000070b000000| Untracked 
|  27|0x000000070b100000, 0x000000070b100000, 0x000000070b200000|  0%| F|  |TAMS 0x000000070b100000, 0x000000070b100000| Untracked 
|  28|0x000000070b200000, 0x000000070b200000, 0x000000070b300000|  0%| F|  |TAMS 0x000000070b200000, 0x000000070b200000| Untracked 
|  29|0x000000070b300000, 0x000000070b300000, 0x000000070b400000|  0%| F|  |TAMS 0x000000070b300000, 0x000000070b300000| Untracked 
|  30|0x000000070b400000, 0x000000070b400000, 0x000000070b500000|  0%| F|  |TAMS 0x000000070b400000, 0x000000070b400000| Untracked 
|  31|0x000000070b500000, 0x000000070b500000, 0x000000070b600000|  0%| F|  |TAMS 0x000000070b500000, 0x000000070b500000| Untracked 
|  32|0x000000070b600000, 0x000000070b600000, 0x000000070b700000|  0%| F|  |TAMS 0x000000070b600000, 0x000000070b600000| Untracked 
|  33|0x000000070b700000, 0x000000070b700000, 0x000000070b800000|  0%| F|  |TAMS 0x000000070b700000, 0x000000070b700000| Untracked 
|  34|0x000000070b800000, 0x000000070b800000, 0x000000070b900000|  0%| F|  |TAMS 0x000000070b800000, 0x000000070b800000| Untracked 
|  35|0x000000070b900000, 0x000000070b900000, 0x000000070ba00000|  0%| F|  |TAMS 0x000000070b900000, 0x000000070b900000| Untracked 
|  36|0x000000070ba00000, 0x000000070ba00000, 0x000000070bb00000|  0%| F|  |TAMS 0x000000070ba00000, 0x000000070ba00000| Untracked 
|  37|0x000000070bb00000, 0x000000070bb00000, 0x000000070bc00000|  0%| F|  |TAMS 0x000000070bb00000, 0x000000070bb00000| Untracked 
|  38|0x000000070bc00000, 0x000000070bc00000, 0x000000070bd00000|  0%| F|  |TAMS 0x000000070bc00000, 0x000000070bc00000| Untracked 
|  39|0x000000070bd00000, 0x000000070bd00000, 0x000000070be00000|  0%| F|  |TAMS 0x000000070bd00000, 0x000000070bd00000| Untracked 
|  40|0x000000070be00000, 0x000000070be00000, 0x000000070bf00000|  0%| F|  |TAMS 0x000000070be00000, 0x000000070be00000| Untracked 
|  41|0x000000070bf00000, 0x000000070bf00000, 0x000000070c000000|  0%| F|  |TAMS 0x000000070bf00000, 0x000000070bf00000| Untracked 
|  42|0x000000070c000000, 0x000000070c000000, 0x000000070c100000|  0%| F|  |TAMS 0x000000070c000000, 0x000000070c000000| Untracked 
|  43|0x000000070c100000, 0x000000070c100000, 0x000000070c200000|  0%| F|  |TAMS 0x000000070c100000, 0x000000070c100000| Untracked 
|  44|0x000000070c200000, 0x000000070c200000, 0x000000070c300000|  0%| F|  |TAMS 0x000000070c200000, 0x000000070c200000| Untracked 
|  45|0x000000070c300000, 0x000000070c300000, 0x000000070c400000|  0%| F|  |TAMS 0x000000070c300000, 0x000000070c300000| Untracked 
|  46|0x000000070c400000, 0x000000070c400000, 0x000000070c500000|  0%| F|  |TAMS 0x000000070c400000, 0x000000070c400000| Untracked 
|  47|0x000000070c500000, 0x000000070c500000, 0x000000070c600000|  0%| F|  |TAMS 0x000000070c500000, 0x000000070c500000| Untracked 
|  48|0x000000070c600000, 0x000000070c600000, 0x000000070c700000|  0%| F|  |TAMS 0x000000070c600000, 0x000000070c600000| Untracked 
|  49|0x000000070c700000, 0x000000070c700000, 0x000000070c800000|  0%| F|  |TAMS 0x000000070c700000, 0x000000070c700000| Untracked 
|  50|0x000000070c800000, 0x000000070c800000, 0x000000070c900000|  0%| F|  |TAMS 0x000000070c800000, 0x000000070c800000| Untracked 
|  51|0x000000070c900000, 0x000000070c900000, 0x000000070ca00000|  0%| F|  |TAMS 0x000000070c900000, 0x000000070c900000| Untracked 
|  52|0x000000070ca00000, 0x000000070ca00000, 0x000000070cb00000|  0%| F|  |TAMS 0x000000070ca00000, 0x000000070ca00000| Untracked 
|  53|0x000000070cb00000, 0x000000070cb00000, 0x000000070cc00000|  0%| F|  |TAMS 0x000000070cb00000, 0x000000070cb00000| Untracked 
|  54|0x000000070cc00000, 0x000000070cc00000, 0x000000070cd00000|  0%| F|  |TAMS 0x000000070cc00000, 0x000000070cc00000| Untracked 
|  55|0x000000070cd00000, 0x000000070cd00000, 0x000000070ce00000|  0%| F|  |TAMS 0x000000070cd00000, 0x000000070cd00000| Untracked 
|  56|0x000000070ce00000, 0x000000070ce00000, 0x000000070cf00000|  0%| F|  |TAMS 0x000000070ce00000, 0x000000070ce00000| Untracked 
|  57|0x000000070cf00000, 0x000000070cf00000, 0x000000070d000000|  0%| F|  |TAMS 0x000000070cf00000, 0x000000070cf00000| Untracked 
|  58|0x000000070d000000, 0x000000070d000000, 0x000000070d100000|  0%| F|  |TAMS 0x000000070d000000, 0x000000070d000000| Untracked 
|  59|0x000000070d100000, 0x000000070d100000, 0x000000070d200000|  0%| F|  |TAMS 0x000000070d100000, 0x000000070d100000| Untracked 
|  60|0x000000070d200000, 0x000000070d200000, 0x000000070d300000|  0%| F|  |TAMS 0x000000070d200000, 0x000000070d200000| Untracked 
|  61|0x000000070d300000, 0x000000070d300000, 0x000000070d400000|  0%| F|  |TAMS 0x000000070d300000, 0x000000070d300000| Untracked 
|  62|0x000000070d400000, 0x000000070d400000, 0x000000070d500000|  0%| F|  |TAMS 0x000000070d400000, 0x000000070d400000| Untracked 
|  63|0x000000070d500000, 0x000000070d500000, 0x000000070d600000|  0%| F|  |TAMS 0x000000070d500000, 0x000000070d500000| Untracked 
|  64|0x000000070d600000, 0x000000070d600000, 0x000000070d700000|  0%| F|  |TAMS 0x000000070d600000, 0x000000070d600000| Untracked 
|  65|0x000000070d700000, 0x000000070d700000, 0x000000070d800000|  0%| F|  |TAMS 0x000000070d700000, 0x000000070d700000| Untracked 
|  66|0x000000070d800000, 0x000000070d800000, 0x000000070d900000|  0%| F|  |TAMS 0x000000070d800000, 0x000000070d800000| Untracked 
|  67|0x000000070d900000, 0x000000070d900000, 0x000000070da00000|  0%| F|  |TAMS 0x000000070d900000, 0x000000070d900000| Untracked 
|  68|0x000000070da00000, 0x000000070da00000, 0x000000070db00000|  0%| F|  |TAMS 0x000000070da00000, 0x000000070da00000| Untracked 
|  69|0x000000070db00000, 0x000000070db00000, 0x000000070dc00000|  0%| F|  |TAMS 0x000000070db00000, 0x000000070db00000| Untracked 
|  70|0x000000070dc00000, 0x000000070dc00000, 0x000000070dd00000|  0%| F|  |TAMS 0x000000070dc00000, 0x000000070dc00000| Untracked 
|  71|0x000000070dd00000, 0x000000070dd00000, 0x000000070de00000|  0%| F|  |TAMS 0x000000070dd00000, 0x000000070dd00000| Untracked 
|  72|0x000000070de00000, 0x000000070de00000, 0x000000070df00000|  0%| F|  |TAMS 0x000000070de00000, 0x000000070de00000| Untracked 
|  73|0x000000070df00000, 0x000000070df00000, 0x000000070e000000|  0%| F|  |TAMS 0x000000070df00000, 0x000000070df00000| Untracked 
|  74|0x000000070e000000, 0x000000070e000000, 0x000000070e100000|  0%| F|  |TAMS 0x000000070e000000, 0x000000070e000000| Untracked 
|  75|0x000000070e100000, 0x000000070e100000, 0x000000070e200000|  0%| F|  |TAMS 0x000000070e100000, 0x000000070e100000| Untracked 
|  76|0x000000070e200000, 0x000000070e200000, 0x000000070e300000|  0%| F|  |TAMS 0x000000070e200000, 0x000000070e200000| Untracked 
|  77|0x000000070e300000, 0x000000070e300000, 0x000000070e400000|  0%| F|  |TAMS 0x000000070e300000, 0x000000070e300000| Untracked 
|  78|0x000000070e400000, 0x000000070e400000, 0x000000070e500000|  0%| F|  |TAMS 0x000000070e400000, 0x000000070e400000| Untracked 
|  79|0x000000070e500000, 0x000000070e500000, 0x000000070e600000|  0%| F|  |TAMS 0x000000070e500000, 0x000000070e500000| Untracked 
|  80|0x000000070e600000, 0x000000070e600000, 0x000000070e700000|  0%| F|  |TAMS 0x000000070e600000, 0x000000070e600000| Untracked 
|  81|0x000000070e700000, 0x000000070e700000, 0x000000070e800000|  0%| F|  |TAMS 0x000000070e700000, 0x000000070e700000| Untracked 
|  82|0x000000070e800000, 0x000000070e800000, 0x000000070e900000|  0%| F|  |TAMS 0x000000070e800000, 0x000000070e800000| Untracked 
|  83|0x000000070e900000, 0x000000070e900000, 0x000000070ea00000|  0%| F|  |TAMS 0x000000070e900000, 0x000000070e900000| Untracked 
|  84|0x000000070ea00000, 0x000000070ea00000, 0x000000070eb00000|  0%| F|  |TAMS 0x000000070ea00000, 0x000000070ea00000| Untracked 
|  85|0x000000070eb00000, 0x000000070eb00000, 0x000000070ec00000|  0%| F|  |TAMS 0x000000070eb00000, 0x000000070eb00000| Untracked 
|  86|0x000000070ec00000, 0x000000070ec00000, 0x000000070ed00000|  0%| F|  |TAMS 0x000000070ec00000, 0x000000070ec00000| Untracked 
|  87|0x000000070ed00000, 0x000000070ed00000, 0x000000070ee00000|  0%| F|  |TAMS 0x000000070ed00000, 0x000000070ed00000| Untracked 
|  88|0x000000070ee00000, 0x000000070ee00000, 0x000000070ef00000|  0%| F|  |TAMS 0x000000070ee00000, 0x000000070ee00000| Untracked 
|  89|0x000000070ef00000, 0x000000070ef00000, 0x000000070f000000|  0%| F|  |TAMS 0x000000070ef00000, 0x000000070ef00000| Untracked 
|  90|0x000000070f000000, 0x000000070f000000, 0x000000070f100000|  0%| F|  |TAMS 0x000000070f000000, 0x000000070f000000| Untracked 
|  91|0x000000070f100000, 0x000000070f100000, 0x000000070f200000|  0%| F|  |TAMS 0x000000070f100000, 0x000000070f100000| Untracked 
|  92|0x000000070f200000, 0x000000070f200000, 0x000000070f300000|  0%| F|  |TAMS 0x000000070f200000, 0x000000070f200000| Untracked 
|  93|0x000000070f300000, 0x000000070f300000, 0x000000070f400000|  0%| F|  |TAMS 0x000000070f300000, 0x000000070f300000| Untracked 
|  94|0x000000070f400000, 0x000000070f400000, 0x000000070f500000|  0%| F|  |TAMS 0x000000070f400000, 0x000000070f400000| Untracked 
|  95|0x000000070f500000, 0x000000070f500000, 0x000000070f600000|  0%| F|  |TAMS 0x000000070f500000, 0x000000070f500000| Untracked 
|  96|0x000000070f600000, 0x000000070f600000, 0x000000070f700000|  0%| F|  |TAMS 0x000000070f600000, 0x000000070f600000| Untracked 
|  97|0x000000070f700000, 0x000000070f700000, 0x000000070f800000|  0%| F|  |TAMS 0x000000070f700000, 0x000000070f700000| Untracked 
|  98|0x000000070f800000, 0x000000070f800000, 0x000000070f900000|  0%| F|  |TAMS 0x000000070f800000, 0x000000070f800000| Untracked 
|  99|0x000000070f900000, 0x000000070f900000, 0x000000070fa00000|  0%| F|  |TAMS 0x000000070f900000, 0x000000070f900000| Untracked 
| 100|0x000000070fa00000, 0x000000070fa00000, 0x000000070fb00000|  0%| F|  |TAMS 0x000000070fa00000, 0x000000070fa00000| Untracked 
| 101|0x000000070fb00000, 0x000000070fb00000, 0x000000070fc00000|  0%| F|  |TAMS 0x000000070fb00000, 0x000000070fb00000| Untracked 
| 102|0x000000070fc00000, 0x000000070fc00000, 0x000000070fd00000|  0%| F|  |TAMS 0x000000070fc00000, 0x000000070fc00000| Untracked 
| 103|0x000000070fd00000, 0x000000070fd00000, 0x000000070fe00000|  0%| F|  |TAMS 0x000000070fd00000, 0x000000070fd00000| Untracked 
| 104|0x000000070fe00000, 0x000000070fe00000, 0x000000070ff00000|  0%| F|  |TAMS 0x000000070fe00000, 0x000000070fe00000| Untracked 
| 105|0x000000070ff00000, 0x000000070ff00000, 0x0000000710000000|  0%| F|  |TAMS 0x000000070ff00000, 0x000000070ff00000| Untracked 
| 106|0x0000000710000000, 0x0000000710000000, 0x0000000710100000|  0%| F|  |TAMS 0x0000000710000000, 0x0000000710000000| Untracked 
| 107|0x0000000710100000, 0x0000000710100000, 0x0000000710200000|  0%| F|  |TAMS 0x0000000710100000, 0x0000000710100000| Untracked 
| 108|0x0000000710200000, 0x0000000710200000, 0x0000000710300000|  0%| F|  |TAMS 0x0000000710200000, 0x0000000710200000| Untracked 
| 109|0x0000000710300000, 0x0000000710300000, 0x0000000710400000|  0%| F|  |TAMS 0x0000000710300000, 0x0000000710300000| Untracked 
| 110|0x0000000710400000, 0x0000000710400000, 0x0000000710500000|  0%| F|  |TAMS 0x0000000710400000, 0x0000000710400000| Untracked 
| 111|0x0000000710500000, 0x0000000710500000, 0x0000000710600000|  0%| F|  |TAMS 0x0000000710500000, 0x0000000710500000| Untracked 
| 112|0x0000000710600000, 0x0000000710600000, 0x0000000710700000|  0%| F|  |TAMS 0x0000000710600000, 0x0000000710600000| Untracked 
| 113|0x0000000710700000, 0x0000000710700000, 0x0000000710800000|  0%| F|  |TAMS 0x0000000710700000, 0x0000000710700000| Untracked 
| 114|0x0000000710800000, 0x0000000710800000, 0x0000000710900000|  0%| F|  |TAMS 0x0000000710800000, 0x0000000710800000| Untracked 
| 115|0x0000000710900000, 0x0000000710900000, 0x0000000710a00000|  0%| F|  |TAMS 0x0000000710900000, 0x0000000710900000| Untracked 
| 116|0x0000000710a00000, 0x0000000710a00000, 0x0000000710b00000|  0%| F|  |TAMS 0x0000000710a00000, 0x0000000710a00000| Untracked 
| 117|0x0000000710b00000, 0x0000000710b00000, 0x0000000710c00000|  0%| F|  |TAMS 0x0000000710b00000, 0x0000000710b00000| Untracked 
| 118|0x0000000710c00000, 0x0000000710c00000, 0x0000000710d00000|  0%| F|  |TAMS 0x0000000710c00000, 0x0000000710c00000| Untracked 
| 119|0x0000000710d00000, 0x0000000710d00000, 0x0000000710e00000|  0%| F|  |TAMS 0x0000000710d00000, 0x0000000710d00000| Untracked 
| 120|0x0000000710e00000, 0x0000000710e00000, 0x0000000710f00000|  0%| F|  |TAMS 0x0000000710e00000, 0x0000000710e00000| Untracked 
| 121|0x0000000710f00000, 0x0000000710f00000, 0x0000000711000000|  0%| F|  |TAMS 0x0000000710f00000, 0x0000000710f00000| Untracked 
| 122|0x0000000711000000, 0x0000000711000000, 0x0000000711100000|  0%| F|  |TAMS 0x0000000711000000, 0x0000000711000000| Untracked 
| 123|0x0000000711100000, 0x0000000711100000, 0x0000000711200000|  0%| F|  |TAMS 0x0000000711100000, 0x0000000711100000| Untracked 
| 124|0x0000000711200000, 0x0000000711200000, 0x0000000711300000|  0%| F|  |TAMS 0x0000000711200000, 0x0000000711200000| Untracked 
| 125|0x0000000711300000, 0x0000000711300000, 0x0000000711400000|  0%| F|  |TAMS 0x0000000711300000, 0x0000000711300000| Untracked 
| 126|0x0000000711400000, 0x0000000711400000, 0x0000000711500000|  0%| F|  |TAMS 0x0000000711400000, 0x0000000711400000| Untracked 
| 127|0x0000000711500000, 0x0000000711500000, 0x0000000711600000|  0%| F|  |TAMS 0x0000000711500000, 0x0000000711500000| Untracked 
| 128|0x0000000711600000, 0x0000000711600000, 0x0000000711700000|  0%| F|  |TAMS 0x0000000711600000, 0x0000000711600000| Untracked 
| 129|0x0000000711700000, 0x0000000711700000, 0x0000000711800000|  0%| F|  |TAMS 0x0000000711700000, 0x0000000711700000| Untracked 
| 130|0x0000000711800000, 0x0000000711800000, 0x0000000711900000|  0%| F|  |TAMS 0x0000000711800000, 0x0000000711800000| Untracked 
| 131|0x0000000711900000, 0x0000000711900000, 0x0000000711a00000|  0%| F|  |TAMS 0x0000000711900000, 0x0000000711900000| Untracked 
| 132|0x0000000711a00000, 0x0000000711a00000, 0x0000000711b00000|  0%| F|  |TAMS 0x0000000711a00000, 0x0000000711a00000| Untracked 
| 133|0x0000000711b00000, 0x0000000711b00000, 0x0000000711c00000|  0%| F|  |TAMS 0x0000000711b00000, 0x0000000711b00000| Untracked 
| 134|0x0000000711c00000, 0x0000000711c00000, 0x0000000711d00000|  0%| F|  |TAMS 0x0000000711c00000, 0x0000000711c00000| Untracked 
| 135|0x0000000711d00000, 0x0000000711d00000, 0x0000000711e00000|  0%| F|  |TAMS 0x0000000711d00000, 0x0000000711d00000| Untracked 
| 136|0x0000000711e00000, 0x0000000711e00000, 0x0000000711f00000|  0%| F|  |TAMS 0x0000000711e00000, 0x0000000711e00000| Untracked 
| 137|0x0000000711f00000, 0x0000000711f00000, 0x0000000712000000|  0%| F|  |TAMS 0x0000000711f00000, 0x0000000711f00000| Untracked 
| 138|0x0000000712000000, 0x0000000712000000, 0x0000000712100000|  0%| F|  |TAMS 0x0000000712000000, 0x0000000712000000| Untracked 
| 139|0x0000000712100000, 0x0000000712100000, 0x0000000712200000|  0%| F|  |TAMS 0x0000000712100000, 0x0000000712100000| Untracked 
| 140|0x0000000712200000, 0x0000000712200000, 0x0000000712300000|  0%| F|  |TAMS 0x0000000712200000, 0x0000000712200000| Untracked 
| 141|0x0000000712300000, 0x0000000712300000, 0x0000000712400000|  0%| F|  |TAMS 0x0000000712300000, 0x0000000712300000| Untracked 
| 142|0x0000000712400000, 0x0000000712400000, 0x0000000712500000|  0%| F|  |TAMS 0x0000000712400000, 0x0000000712400000| Untracked 
| 143|0x0000000712500000, 0x0000000712500000, 0x0000000712600000|  0%| F|  |TAMS 0x0000000712500000, 0x0000000712500000| Untracked 
| 144|0x0000000712600000, 0x0000000712600000, 0x0000000712700000|  0%| F|  |TAMS 0x0000000712600000, 0x0000000712600000| Untracked 
| 145|0x0000000712700000, 0x0000000712700000, 0x0000000712800000|  0%| F|  |TAMS 0x0000000712700000, 0x0000000712700000| Untracked 
| 146|0x0000000712800000, 0x0000000712800000, 0x0000000712900000|  0%| F|  |TAMS 0x0000000712800000, 0x0000000712800000| Untracked 
| 147|0x0000000712900000, 0x0000000712900000, 0x0000000712a00000|  0%| F|  |TAMS 0x0000000712900000, 0x0000000712900000| Untracked 
| 148|0x0000000712a00000, 0x0000000712a00000, 0x0000000712b00000|  0%| F|  |TAMS 0x0000000712a00000, 0x0000000712a00000| Untracked 
| 149|0x0000000712b00000, 0x0000000712b00000, 0x0000000712c00000|  0%| F|  |TAMS 0x0000000712b00000, 0x0000000712b00000| Untracked 
| 150|0x0000000712c00000, 0x0000000712c00000, 0x0000000712d00000|  0%| F|  |TAMS 0x0000000712c00000, 0x0000000712c00000| Untracked 
| 151|0x0000000712d00000, 0x0000000712d00000, 0x0000000712e00000|  0%| F|  |TAMS 0x0000000712d00000, 0x0000000712d00000| Untracked 
| 152|0x0000000712e00000, 0x0000000712e00000, 0x0000000712f00000|  0%| F|  |TAMS 0x0000000712e00000, 0x0000000712e00000| Untracked 
| 153|0x0000000712f00000, 0x0000000712f00000, 0x0000000713000000|  0%| F|  |TAMS 0x0000000712f00000, 0x0000000712f00000| Untracked 
| 154|0x0000000713000000, 0x0000000713000000, 0x0000000713100000|  0%| F|  |TAMS 0x0000000713000000, 0x0000000713000000| Untracked 
| 155|0x0000000713100000, 0x0000000713100000, 0x0000000713200000|  0%| F|  |TAMS 0x0000000713100000, 0x0000000713100000| Untracked 
| 156|0x0000000713200000, 0x0000000713200000, 0x0000000713300000|  0%| F|  |TAMS 0x0000000713200000, 0x0000000713200000| Untracked 
| 157|0x0000000713300000, 0x0000000713300000, 0x0000000713400000|  0%| F|  |TAMS 0x0000000713300000, 0x0000000713300000| Untracked 
| 158|0x0000000713400000, 0x0000000713400000, 0x0000000713500000|  0%| F|  |TAMS 0x0000000713400000, 0x0000000713400000| Untracked 
| 159|0x0000000713500000, 0x0000000713500000, 0x0000000713600000|  0%| F|  |TAMS 0x0000000713500000, 0x0000000713500000| Untracked 
| 160|0x0000000713600000, 0x0000000713600000, 0x0000000713700000|  0%| F|  |TAMS 0x0000000713600000, 0x0000000713600000| Untracked 
| 161|0x0000000713700000, 0x0000000713700000, 0x0000000713800000|  0%| F|  |TAMS 0x0000000713700000, 0x0000000713700000| Untracked 
| 162|0x0000000713800000, 0x0000000713800000, 0x0000000713900000|  0%| F|  |TAMS 0x0000000713800000, 0x0000000713800000| Untracked 
| 163|0x0000000713900000, 0x0000000713900000, 0x0000000713a00000|  0%| F|  |TAMS 0x0000000713900000, 0x0000000713900000| Untracked 
| 164|0x0000000713a00000, 0x0000000713a00000, 0x0000000713b00000|  0%| F|  |TAMS 0x0000000713a00000, 0x0000000713a00000| Untracked 
| 165|0x0000000713b00000, 0x0000000713b00000, 0x0000000713c00000|  0%| F|  |TAMS 0x0000000713b00000, 0x0000000713b00000| Untracked 
| 166|0x0000000713c00000, 0x0000000713c00000, 0x0000000713d00000|  0%| F|  |TAMS 0x0000000713c00000, 0x0000000713c00000| Untracked 
| 167|0x0000000713d00000, 0x0000000713d00000, 0x0000000713e00000|  0%| F|  |TAMS 0x0000000713d00000, 0x0000000713d00000| Untracked 
| 168|0x0000000713e00000, 0x0000000713e00000, 0x0000000713f00000|  0%| F|  |TAMS 0x0000000713e00000, 0x0000000713e00000| Untracked 
| 169|0x0000000713f00000, 0x0000000713f00000, 0x0000000714000000|  0%| F|  |TAMS 0x0000000713f00000, 0x0000000713f00000| Untracked 
| 170|0x0000000714000000, 0x0000000714000000, 0x0000000714100000|  0%| F|  |TAMS 0x0000000714000000, 0x0000000714000000| Untracked 
| 171|0x0000000714100000, 0x0000000714100000, 0x0000000714200000|  0%| F|  |TAMS 0x0000000714100000, 0x0000000714100000| Untracked 
| 172|0x0000000714200000, 0x0000000714200000, 0x0000000714300000|  0%| F|  |TAMS 0x0000000714200000, 0x0000000714200000| Untracked 
| 173|0x0000000714300000, 0x0000000714300000, 0x0000000714400000|  0%| F|  |TAMS 0x0000000714300000, 0x0000000714300000| Untracked 
| 174|0x0000000714400000, 0x0000000714400000, 0x0000000714500000|  0%| F|  |TAMS 0x0000000714400000, 0x0000000714400000| Untracked 
| 175|0x0000000714500000, 0x0000000714500000, 0x0000000714600000|  0%| F|  |TAMS 0x0000000714500000, 0x0000000714500000| Untracked 
| 176|0x0000000714600000, 0x0000000714600000, 0x0000000714700000|  0%| F|  |TAMS 0x0000000714600000, 0x0000000714600000| Untracked 
| 177|0x0000000714700000, 0x0000000714700000, 0x0000000714800000|  0%| F|  |TAMS 0x0000000714700000, 0x0000000714700000| Untracked 
| 178|0x0000000714800000, 0x0000000714800000, 0x0000000714900000|  0%| F|  |TAMS 0x0000000714800000, 0x0000000714800000| Untracked 
| 179|0x0000000714900000, 0x0000000714900000, 0x0000000714a00000|  0%| F|  |TAMS 0x0000000714900000, 0x0000000714900000| Untracked 
| 180|0x0000000714a00000, 0x0000000714a00000, 0x0000000714b00000|  0%| F|  |TAMS 0x0000000714a00000, 0x0000000714a00000| Untracked 
| 181|0x0000000714b00000, 0x0000000714b00000, 0x0000000714c00000|  0%| F|  |TAMS 0x0000000714b00000, 0x0000000714b00000| Untracked 
| 182|0x0000000714c00000, 0x0000000714c00000, 0x0000000714d00000|  0%| F|  |TAMS 0x0000000714c00000, 0x0000000714c00000| Untracked 
| 183|0x0000000714d00000, 0x0000000714d00000, 0x0000000714e00000|  0%| F|  |TAMS 0x0000000714d00000, 0x0000000714d00000| Untracked 
| 184|0x0000000714e00000, 0x0000000714e00000, 0x0000000714f00000|  0%| F|  |TAMS 0x0000000714e00000, 0x0000000714e00000| Untracked 
| 185|0x0000000714f00000, 0x0000000714f00000, 0x0000000715000000|  0%| F|  |TAMS 0x0000000714f00000, 0x0000000714f00000| Untracked 
| 186|0x0000000715000000, 0x0000000715000000, 0x0000000715100000|  0%| F|  |TAMS 0x0000000715000000, 0x0000000715000000| Untracked 
| 187|0x0000000715100000, 0x0000000715100000, 0x0000000715200000|  0%| F|  |TAMS 0x0000000715100000, 0x0000000715100000| Untracked 
| 188|0x0000000715200000, 0x0000000715200000, 0x0000000715300000|  0%| F|  |TAMS 0x0000000715200000, 0x0000000715200000| Untracked 
| 189|0x0000000715300000, 0x0000000715300000, 0x0000000715400000|  0%| F|  |TAMS 0x0000000715300000, 0x0000000715300000| Untracked 
| 190|0x0000000715400000, 0x0000000715400000, 0x0000000715500000|  0%| F|  |TAMS 0x0000000715400000, 0x0000000715400000| Untracked 
| 191|0x0000000715500000, 0x0000000715500000, 0x0000000715600000|  0%| F|  |TAMS 0x0000000715500000, 0x0000000715500000| Untracked 
| 192|0x0000000715600000, 0x0000000715600000, 0x0000000715700000|  0%| F|  |TAMS 0x0000000715600000, 0x0000000715600000| Untracked 
| 193|0x0000000715700000, 0x0000000715700000, 0x0000000715800000|  0%| F|  |TAMS 0x0000000715700000, 0x0000000715700000| Untracked 
| 194|0x0000000715800000, 0x0000000715800000, 0x0000000715900000|  0%| F|  |TAMS 0x0000000715800000, 0x0000000715800000| Untracked 
| 195|0x0000000715900000, 0x0000000715900000, 0x0000000715a00000|  0%| F|  |TAMS 0x0000000715900000, 0x0000000715900000| Untracked 
| 196|0x0000000715a00000, 0x0000000715a00000, 0x0000000715b00000|  0%| F|  |TAMS 0x0000000715a00000, 0x0000000715a00000| Untracked 
| 197|0x0000000715b00000, 0x0000000715b00000, 0x0000000715c00000|  0%| F|  |TAMS 0x0000000715b00000, 0x0000000715b00000| Untracked 
| 198|0x0000000715c00000, 0x0000000715c00000, 0x0000000715d00000|  0%| F|  |TAMS 0x0000000715c00000, 0x0000000715c00000| Untracked 
| 199|0x0000000715d00000, 0x0000000715d00000, 0x0000000715e00000|  0%| F|  |TAMS 0x0000000715d00000, 0x0000000715d00000| Untracked 
| 200|0x0000000715e00000, 0x0000000715e00000, 0x0000000715f00000|  0%| F|  |TAMS 0x0000000715e00000, 0x0000000715e00000| Untracked 
| 201|0x0000000715f00000, 0x0000000715f00000, 0x0000000716000000|  0%| F|  |TAMS 0x0000000715f00000, 0x0000000715f00000| Untracked 
| 202|0x0000000716000000, 0x0000000716000000, 0x0000000716100000|  0%| F|  |TAMS 0x0000000716000000, 0x0000000716000000| Untracked 
| 203|0x0000000716100000, 0x0000000716100000, 0x0000000716200000|  0%| F|  |TAMS 0x0000000716100000, 0x0000000716100000| Untracked 
| 204|0x0000000716200000, 0x0000000716200000, 0x0000000716300000|  0%| F|  |TAMS 0x0000000716200000, 0x0000000716200000| Untracked 
| 205|0x0000000716300000, 0x0000000716300000, 0x0000000716400000|  0%| F|  |TAMS 0x0000000716300000, 0x0000000716300000| Untracked 
| 206|0x0000000716400000, 0x0000000716400000, 0x0000000716500000|  0%| F|  |TAMS 0x0000000716400000, 0x0000000716400000| Untracked 
| 207|0x0000000716500000, 0x0000000716500000, 0x0000000716600000|  0%| F|  |TAMS 0x0000000716500000, 0x0000000716500000| Untracked 
| 208|0x0000000716600000, 0x0000000716600000, 0x0000000716700000|  0%| F|  |TAMS 0x0000000716600000, 0x0000000716600000| Untracked 
| 209|0x0000000716700000, 0x0000000716700000, 0x0000000716800000|  0%| F|  |TAMS 0x0000000716700000, 0x0000000716700000| Untracked 
| 210|0x0000000716800000, 0x0000000716800000, 0x0000000716900000|  0%| F|  |TAMS 0x0000000716800000, 0x0000000716800000| Untracked 
| 211|0x0000000716900000, 0x0000000716900000, 0x0000000716a00000|  0%| F|  |TAMS 0x0000000716900000, 0x0000000716900000| Untracked 
| 212|0x0000000716a00000, 0x0000000716a00000, 0x0000000716b00000|  0%| F|  |TAMS 0x0000000716a00000, 0x0000000716a00000| Untracked 
| 213|0x0000000716b00000, 0x0000000716b00000, 0x0000000716c00000|  0%| F|  |TAMS 0x0000000716b00000, 0x0000000716b00000| Untracked 
| 214|0x0000000716c00000, 0x0000000716c00000, 0x0000000716d00000|  0%| F|  |TAMS 0x0000000716c00000, 0x0000000716c00000| Untracked 
| 215|0x0000000716d00000, 0x0000000716d00000, 0x0000000716e00000|  0%| F|  |TAMS 0x0000000716d00000, 0x0000000716d00000| Untracked 
| 216|0x0000000716e00000, 0x0000000716e00000, 0x0000000716f00000|  0%| F|  |TAMS 0x0000000716e00000, 0x0000000716e00000| Untracked 
| 217|0x0000000716f00000, 0x0000000716f00000, 0x0000000717000000|  0%| F|  |TAMS 0x0000000716f00000, 0x0000000716f00000| Untracked 
| 218|0x0000000717000000, 0x0000000717000000, 0x0000000717100000|  0%| F|  |TAMS 0x0000000717000000, 0x0000000717000000| Untracked 
| 219|0x0000000717100000, 0x0000000717100000, 0x0000000717200000|  0%| F|  |TAMS 0x0000000717100000, 0x0000000717100000| Untracked 
| 220|0x0000000717200000, 0x0000000717200000, 0x0000000717300000|  0%| F|  |TAMS 0x0000000717200000, 0x0000000717200000| Untracked 
| 221|0x0000000717300000, 0x0000000717300000, 0x0000000717400000|  0%| F|  |TAMS 0x0000000717300000, 0x0000000717300000| Untracked 
| 222|0x0000000717400000, 0x0000000717400000, 0x0000000717500000|  0%| F|  |TAMS 0x0000000717400000, 0x0000000717400000| Untracked 
| 223|0x0000000717500000, 0x0000000717500000, 0x0000000717600000|  0%| F|  |TAMS 0x0000000717500000, 0x0000000717500000| Untracked 
| 224|0x0000000717600000, 0x0000000717600000, 0x0000000717700000|  0%| F|  |TAMS 0x0000000717600000, 0x0000000717600000| Untracked 
| 225|0x0000000717700000, 0x0000000717700000, 0x0000000717800000|  0%| F|  |TAMS 0x0000000717700000, 0x0000000717700000| Untracked 
| 226|0x0000000717800000, 0x0000000717800000, 0x0000000717900000|  0%| F|  |TAMS 0x0000000717800000, 0x0000000717800000| Untracked 
| 227|0x0000000717900000, 0x0000000717900000, 0x0000000717a00000|  0%| F|  |TAMS 0x0000000717900000, 0x0000000717900000| Untracked 
| 228|0x0000000717a00000, 0x0000000717a00000, 0x0000000717b00000|  0%| F|  |TAMS 0x0000000717a00000, 0x0000000717a00000| Untracked 
| 229|0x0000000717b00000, 0x0000000717b00000, 0x0000000717c00000|  0%| F|  |TAMS 0x0000000717b00000, 0x0000000717b00000| Untracked 
| 230|0x0000000717c00000, 0x0000000717c00000, 0x0000000717d00000|  0%| F|  |TAMS 0x0000000717c00000, 0x0000000717c00000| Untracked 
| 231|0x0000000717d00000, 0x0000000717d00000, 0x0000000717e00000|  0%| F|  |TAMS 0x0000000717d00000, 0x0000000717d00000| Untracked 
| 232|0x0000000717e00000, 0x0000000717e00000, 0x0000000717f00000|  0%| F|  |TAMS 0x0000000717e00000, 0x0000000717e00000| Untracked 
| 233|0x0000000717f00000, 0x0000000717f00000, 0x0000000718000000|  0%| F|  |TAMS 0x0000000717f00000, 0x0000000717f00000| Untracked 
| 234|0x0000000718000000, 0x0000000718000000, 0x0000000718100000|  0%| F|  |TAMS 0x0000000718000000, 0x0000000718000000| Untracked 
| 235|0x0000000718100000, 0x0000000718100000, 0x0000000718200000|  0%| F|  |TAMS 0x0000000718100000, 0x0000000718100000| Untracked 
| 236|0x0000000718200000, 0x0000000718200000, 0x0000000718300000|  0%| F|  |TAMS 0x0000000718200000, 0x0000000718200000| Untracked 
| 237|0x0000000718300000, 0x0000000718400000, 0x0000000718400000|100%| E|  |TAMS 0x0000000718300000, 0x0000000718300000| Complete 
| 238|0x0000000718400000, 0x0000000718500000, 0x0000000718500000|100%| E|CS|TAMS 0x0000000718400000, 0x0000000718400000| Complete 
| 239|0x0000000718500000, 0x0000000718600000, 0x0000000718600000|100%| E|CS|TAMS 0x0000000718500000, 0x0000000718500000| Complete 
| 240|0x0000000718600000, 0x0000000718700000, 0x0000000718700000|100%| E|CS|TAMS 0x0000000718600000, 0x0000000718600000| Complete 
| 241|0x0000000718700000, 0x0000000718800000, 0x0000000718800000|100%| E|CS|TAMS 0x0000000718700000, 0x0000000718700000| Complete 
| 242|0x0000000718800000, 0x0000000718900000, 0x0000000718900000|100%| E|CS|TAMS 0x0000000718800000, 0x0000000718800000| Complete 
| 243|0x0000000718900000, 0x0000000718a00000, 0x0000000718a00000|100%| E|CS|TAMS 0x0000000718900000, 0x0000000718900000| Complete 
| 244|0x0000000718a00000, 0x0000000718b00000, 0x0000000718b00000|100%| E|CS|TAMS 0x0000000718a00000, 0x0000000718a00000| Complete 
| 245|0x0000000718b00000, 0x0000000718c00000, 0x0000000718c00000|100%| E|CS|TAMS 0x0000000718b00000, 0x0000000718b00000| Complete 
| 246|0x0000000718c00000, 0x0000000718d00000, 0x0000000718d00000|100%| E|CS|TAMS 0x0000000718c00000, 0x0000000718c00000| Complete 
| 247|0x0000000718d00000, 0x0000000718e00000, 0x0000000718e00000|100%| E|CS|TAMS 0x0000000718d00000, 0x0000000718d00000| Complete 

Card table byte_map: [0x000002ae5b320000,0x000002ae5bae0000] _byte_map_base: 0x000002ae57ad5000

Marking Bits (Prev, Next): (CMBitMap*) 0x000002ae41202318, (CMBitMap*) 0x000002ae41202350
 Prev Bits: [0x000002ae5c2a0000, 0x000002ae60048000)
 Next Bits: [0x000002ae60050000, 0x000002ae63df8000)

Polling page: 0x000002ae41270000

Metaspace:

Usage:
  Non-class:      9.37 MB capacity,     9.24 MB ( 99%) used,   121.46 KB (  1%) free+waste,    12.31 KB ( <1%) overhead. 
      Class:    819.00 KB capacity,   741.45 KB ( 91%) used,    72.12 KB (  9%) free+waste,     5.44 KB ( <1%) overhead. 
       Both:     10.17 MB capacity,     9.97 MB ( 98%) used,   193.58 KB (  2%) free+waste,    17.75 KB ( <1%) overhead. 

Virtual space:
  Non-class space:       10.00 MB reserved,       9.50 MB ( 95%) committed 
      Class space:        1.00 GB reserved,     896.00 KB ( <1%) committed 
             Both:        1.01 GB reserved,      10.38 MB (  1%) committed 

Chunk freelists:
   Non-Class:  65.00 KB
       Class:  13.00 KB
        Both:  78.00 KB

MaxMetaspaceSize: 17179869184.00 GB
CompressedClassSpaceSize: 1.00 GB
Initial GC threshold: 20.80 MB
Current GC threshold: 20.80 MB
CDS: off

CodeHeap 'non-profiled nmethods': size=120000Kb used=203Kb max_used=203Kb free=119796Kb
 bounds [0x000002ae52bc0000, 0x000002ae52e30000, 0x000002ae5a0f0000]
CodeHeap 'profiled nmethods': size=120000Kb used=1144Kb max_used=1144Kb free=118855Kb
 bounds [0x000002ae4b690000, 0x000002ae4b900000, 0x000002ae52bc0000]
CodeHeap 'non-nmethods': size=5760Kb used=1686Kb max_used=1686Kb free=4073Kb
 bounds [0x000002ae4b0f0000, 0x000002ae4b360000, 0x000002ae4b690000]
 total_blobs=1783 nmethods=680 adapters=1016
 compilation: enabled
              stopped_count=0, restarted_count=0
 full_count=0

Compilation events (20 events):
Event: 0.670 Thread 0x000002ae67287000 nmethod 669 0x000002ae4b799810 code [0x000002ae4b799a40, 0x000002ae4b79a108]
Event: 0.670 Thread 0x000002ae67287000  670   !   3       java.lang.invoke.MemberName::clone (14 bytes)
Event: 0.671 Thread 0x000002ae67287000 nmethod 670 0x000002ae4b79a410 code [0x000002ae4b79a600, 0x000002ae4b79a978]
Event: 0.673 Thread 0x000002ae67287000  672       3       jdk.internal.loader.ClassLoaders$BootClassLoader::loadClassOrNull (11 bytes)
Event: 0.674 Thread 0x000002ae67287000 nmethod 672 0x000002ae4b79ab10 code [0x000002ae4b79ace0, 0x000002ae4b79b018]
Event: 0.674 Thread 0x000002ae67287000  674       3       org.lwjgl.system.Checks::checkBuffer (11 bytes)
Event: 0.675 Thread 0x000002ae67287000 nmethod 674 0x000002ae4b79b190 code [0x000002ae4b79b340, 0x000002ae4b79b488]
Event: 0.675 Thread 0x000002ae67287000  673       3       java.lang.System$2::findBootstrapClassOrNull (6 bytes)
Event: 0.675 Thread 0x000002ae67271000 nmethod 668 0x000002ae52bf1b90 code [0x000002ae52bf1d60, 0x000002ae52bf24f8]
Event: 0.675 Thread 0x000002ae67287000 nmethod 673 0x000002ae4b79b510 code [0x000002ae4b79b6e0, 0x000002ae4b79b998]
Event: 0.678 Thread 0x000002ae67287000  675       3       sun.net.www.protocol.file.Handler::parseURL (18 bytes)
Event: 0.678 Thread 0x000002ae67287000 nmethod 675 0x000002ae4b79ba90 code [0x000002ae4b79bc60, 0x000002ae4b79bdf8]
Event: 0.678 Thread 0x000002ae67287000  676       3       java.net.URLStreamHandler::parseURL (1201 bytes)
Event: 0.696 Thread 0x000002ae67287000 nmethod 676 0x000002ae4b79bf10 code [0x000002ae4b79d1a0, 0x000002ae4b7a88e8]
Event: 0.697 Thread 0x000002ae67287000  677       3       java.lang.ClassLoader::loadClass (7 bytes)
Event: 0.697 Thread 0x000002ae67287000 nmethod 677 0x000002ae4b7acc10 code [0x000002ae4b7acdc0, 0x000002ae4b7acf88]
Event: 0.697 Thread 0x000002ae67287000  678       3       jdk.internal.loader.ClassLoaders$AppClassLoader::loadClass (40 bytes)
Event: 0.697 Thread 0x000002ae67287000 nmethod 678 0x000002ae4b7ad010 code [0x000002ae4b7ad260, 0x000002ae4b7adb18]
Event: 0.735 Thread 0x000002ae67287000  680       3       java.util.Collections$UnmodifiableCollection$1::hasNext (10 bytes)
Event: 0.735 Thread 0x000002ae67287000 nmethod 680 0x000002ae4b7ade90 code [0x000002ae4b7ae040, 0x000002ae4b7ae208]

GC Heap History (0 events):
No events

Deoptimization events (20 events):
Event: 0.095 Thread 0x000002ae4119d000 DEOPT PACKING pc=0x000002ae52bc28f8 sp=0x000000beb62fe500
Event: 0.095 Thread 0x000002ae4119d000 DEOPT UNPACKING pc=0x000002ae4b0f85af sp=0x000000beb62fe490 mode 2
Event: 0.096 Thread 0x000002ae4119d000 Uncommon trap: trap_request=0xffffff4d fr.pc=0x000002ae52bc1094 relative=0x0000000000000074
Event: 0.096 Thread 0x000002ae4119d000 Uncommon trap: reason=unstable_if action=reinterpret pc=0x000002ae52bc1094 method=java.lang.String.isLatin1()Z @ 10 c2
Event: 0.096 Thread 0x000002ae4119d000 DEOPT PACKING pc=0x000002ae52bc1094 sp=0x000000beb62fec40
Event: 0.096 Thread 0x000002ae4119d000 DEOPT UNPACKING pc=0x000002ae4b0f85af sp=0x000000beb62feb80 mode 2
Event: 0.098 Thread 0x000002ae4119d000 Uncommon trap: trap_request=0xffffff4d fr.pc=0x000002ae52bc4e28 relative=0x0000000000000188
Event: 0.098 Thread 0x000002ae4119d000 Uncommon trap: reason=unstable_if action=reinterpret pc=0x000002ae52bc4e28 method=java.lang.String.hashCode()I @ 14 c2
Event: 0.098 Thread 0x000002ae4119d000 DEOPT PACKING pc=0x000002ae52bc4e28 sp=0x000000beb62fd480
Event: 0.098 Thread 0x000002ae4119d000 DEOPT UNPACKING pc=0x000002ae4b0f85af sp=0x000000beb62fd418 mode 2
Event: 0.157 Thread 0x000002ae4119d000 DEOPT PACKING pc=0x000002ae4b6c4e68 sp=0x000000beb62fc400
Event: 0.157 Thread 0x000002ae4119d000 DEOPT UNPACKING pc=0x000002ae4b139d0e sp=0x000000beb62fb870 mode 0
Event: 0.162 Thread 0x000002ae4119d000 DEOPT PACKING pc=0x000002ae4b6ca642 sp=0x000000beb62fc3b0
Event: 0.162 Thread 0x000002ae4119d000 DEOPT UNPACKING pc=0x000002ae4b139d0e sp=0x000000beb62fb818 mode 0
Event: 0.163 Thread 0x000002ae4119d000 DEOPT PACKING pc=0x000002ae4b6babd0 sp=0x000000beb62fc360
Event: 0.163 Thread 0x000002ae4119d000 DEOPT UNPACKING pc=0x000002ae4b139d0e sp=0x000000beb62fb7e8 mode 0
Event: 0.222 Thread 0x000002ae4119d000 Uncommon trap: trap_request=0xffffff4d fr.pc=0x000002ae52bdc680 relative=0x0000000000000060
Event: 0.222 Thread 0x000002ae4119d000 Uncommon trap: reason=unstable_if action=reinterpret pc=0x000002ae52bdc680 method=java.io.WinNTFileSystem.isSlash(C)Z @ 9 c2
Event: 0.222 Thread 0x000002ae4119d000 DEOPT PACKING pc=0x000002ae52bdc680 sp=0x000000beb62fb9c0
Event: 0.222 Thread 0x000002ae4119d000 DEOPT UNPACKING pc=0x000002ae4b0f85af sp=0x000000beb62fb948 mode 2

Classes redefined (0 events):
No events

Internal exceptions (20 events):
Event: 0.236 Thread 0x000002ae4119d000 Exception <a 'java/security/PrivilegedActionException'{0x000000071881ccb0}> (0x000000071881ccb0) thrown at [./src/hotspot/share/prims/jvm.cpp, line 1306]
Event: 0.236 Thread 0x000002ae4119d000 Exception <a 'java/security/PrivilegedActionException'{0x000000071881cf80}> (0x000000071881cf80) thrown at [./src/hotspot/share/prims/jvm.cpp, line 1306]
Event: 0.236 Thread 0x000002ae4119d000 Exception <a 'java/security/PrivilegedActionException'{0x000000071881fa80}> (0x000000071881fa80) thrown at [./src/hotspot/share/prims/jvm.cpp, line 1306]
Event: 0.236 Thread 0x000002ae4119d000 Exception <a 'java/security/PrivilegedActionException'{0x000000071881fd50}> (0x000000071881fd50) thrown at [./src/hotspot/share/prims/jvm.cpp, line 1306]
Event: 0.237 Thread 0x000002ae4119d000 Exception <a 'java/lang/NoSuchMethodError'{0x000000071882eac8}: 'int java.lang.invoke.DirectMethodHandle$Holder.invokeStaticInit(java.lang.Object, java.lang.Object, int, long)'> (0x000000071882eac8) thrown at [./src/hotspot/share/interpreter/linkResolver.cpp, line 773]
Event: 0.237 Thread 0x000002ae4119d000 Exception <a 'java/lang/NoSuchMethodError'{0x0000000718833c70}: 'java.lang.Object java.lang.invoke.Invokers$Holder.linkToTargetMethod(java.lang.Object, int, java.lang.Object)'> (0x0000000718833c70) thrown at [./src/hotspot/share/interpreter/linkResolver.cpp, line 773]
Event: 0.238 Thread 0x000002ae4119d000 Exception <a 'java/lang/NoSuchMethodError'{0x0000000718844440}: 'int java.lang.invoke.DirectMethodHandle$Holder.invokeStaticInit(java.lang.Object, java.lang.Object, long, long)'> (0x0000000718844440) thrown at [./src/hotspot/share/interpreter/linkResolver.cpp, line 773]
Event: 0.239 Thread 0x000002ae4119d000 Exception <a 'java/lang/NoSuchMethodError'{0x000000071884fc90}: 'java.lang.Object java.lang.invoke.Invokers$Holder.linkToTargetMethod(java.lang.Object, long, java.lang.Object)'> (0x000000071884fc90) thrown at [./src/hotspot/share/interpreter/linkResolver.cpp, line 773]
Event: 0.239 Thread 0x000002ae4119d000 Exception <a 'java/lang/NoSuchMethodError'{0x0000000718855fc8}: 'int java.lang.invoke.DirectMethodHandle$Holder.invokeStaticInit(java.lang.Object, java.lang.Object, java.lang.Object, long)'> (0x0000000718855fc8) thrown at [./src/hotspot/share/interpreter/linkResolver.cpp, line 773]
Event: 0.242 Thread 0x000002ae4119d000 Exception <a 'java/security/PrivilegedActionException'{0x000000071886a4d8}> (0x000000071886a4d8) thrown at [./src/hotspot/share/prims/jvm.cpp, line 1306]
Event: 0.242 Thread 0x000002ae4119d000 Exception <a 'java/security/PrivilegedActionException'{0x000000071886a7a8}> (0x000000071886a7a8) thrown at [./src/hotspot/share/prims/jvm.cpp, line 1306]
Event: 0.242 Thread 0x000002ae4119d000 Exception <a 'java/security/PrivilegedActionException'{0x000000071886d1c8}> (0x000000071886d1c8) thrown at [./src/hotspot/share/prims/jvm.cpp, line 1306]
Event: 0.242 Thread 0x000002ae4119d000 Exception <a 'java/security/PrivilegedActionException'{0x000000071886d498}> (0x000000071886d498) thrown at [./src/hotspot/share/prims/jvm.cpp, line 1306]
Event: 0.258 Thread 0x000002ae4119d000 Exception <a 'sun/nio/fs/WindowsException'{0x0000000718755b68}> (0x0000000718755b68) thrown at [./src/hotspot/share/prims/jni.cpp, line 617]
Event: 0.258 Thread 0x000002ae4119d000 Exception <a 'sun/nio/fs/WindowsException'{0x0000000718755eb8}> (0x0000000718755eb8) thrown at [./src/hotspot/share/prims/jni.cpp, line 617]
Event: 0.364 Thread 0x000002ae4119d000 Exception <a 'sun/nio/fs/WindowsException'{0x00000007187f9f18}> (0x00000007187f9f18) thrown at [./src/hotspot/share/prims/jni.cpp, line 617]
Event: 0.364 Thread 0x000002ae4119d000 Exception <a 'sun/nio/fs/WindowsException'{0x00000007187fa2a8}> (0x00000007187fa2a8) thrown at [./src/hotspot/share/prims/jni.cpp, line 617]
Event: 0.367 Thread 0x000002ae4119d000 Exception <a 'sun/nio/fs/WindowsException'{0x000000071860ed10}> (0x000000071860ed10) thrown at [./src/hotspot/share/prims/jni.cpp, line 617]
Event: 0.367 Thread 0x000002ae4119d000 Exception <a 'sun/nio/fs/WindowsException'{0x000000071860efd8}> (0x000000071860efd8) thrown at [./src/hotspot/share/prims/jni.cpp, line 617]
Event: 0.521 Thread 0x000002ae4119d000 Exception <a 'sun/nio/fs/WindowsException'{0x0000000718464060}> (0x0000000718464060) thrown at [./src/hotspot/share/prims/jni.cpp, line 617]

Events (20 events):
Event: 0.685 loading class org/lwjgl/system/APIUtil$Encoder done
Event: 0.713 loading class imgui/type/ImInt
Event: 0.713 loading class imgui/type/ImInt done
Event: 0.727 loading class org/lwjgl/opengl/GL30C
Event: 0.727 loading class org/lwjgl/opengl/GL30C done
Event: 0.730 loading class org/lwjgl/opengl/GL21C
Event: 0.730 loading class org/lwjgl/opengl/GL21C done
Event: 0.734 loading class java/lang/Throwable$WrappedPrintStream
Event: 0.734 loading class java/lang/Throwable$PrintStreamOrWriter
Event: 0.734 loading class java/lang/Throwable$PrintStreamOrWriter done
Event: 0.734 loading class java/lang/Throwable$WrappedPrintStream done
Event: 0.734 loading class java/lang/StackTraceElement$HashedModules
Event: 0.735 loading class java/lang/StackTraceElement$HashedModules done
Event: 0.735 loading class java/util/LinkedHashMap$LinkedKeySet
Event: 0.735 loading class java/util/LinkedHashMap$LinkedKeySet done
Event: 0.735 loading class java/util/LinkedHashMap$LinkedKeyIterator
Event: 0.735 loading class java/util/LinkedHashMap$LinkedHashIterator
Event: 0.735 loading class java/util/LinkedHashMap$LinkedHashIterator done
Event: 0.735 loading class java/util/LinkedHashMap$LinkedKeyIterator done
Event: 0.736 Executing VM operation: Exit


Dynamic libraries:
0x00007ff666320000 - 0x00007ff66632d000 	C:\Program Files\Java\jdk-11.0.15+10\bin\javaw.exe
0x00007ff9d6240000 - 0x00007ff9d6449000 	C:\WINDOWS\SYSTEM32\ntdll.dll
0x00007ff9d46c0000 - 0x00007ff9d477e000 	C:\WINDOWS\System32\KERNEL32.DLL
0x00007ff9d3840000 - 0x00007ff9d3bc4000 	C:\WINDOWS\System32\KERNELBASE.dll
0x00007ff9d3f20000 - 0x00007ff9d4031000 	C:\WINDOWS\System32\ucrtbase.dll
0x00007ff9bf210000 - 0x00007ff9bf227000 	C:\Program Files\Java\jdk-11.0.15+10\bin\jli.dll
0x00007ff9cade0000 - 0x00007ff9cadf5000 	C:\Program Files\Java\jdk-11.0.15+10\bin\VCRUNTIME140.dll
0x00007ff9d4780000 - 0x00007ff9d492d000 	C:\WINDOWS\System32\USER32.dll
0x00007ff9d3810000 - 0x00007ff9d3836000 	C:\WINDOWS\System32\win32u.dll
0x00007ff9d44b0000 - 0x00007ff9d44da000 	C:\WINDOWS\System32\GDI32.dll
0x00007ff9d36f0000 - 0x00007ff9d380f000 	C:\WINDOWS\System32\gdi32full.dll
0x00007ff9d3dc0000 - 0x00007ff9d3e5d000 	C:\WINDOWS\System32\msvcp_win.dll
0x00007ff9a8380000 - 0x00007ff9a8625000 	C:\WINDOWS\WinSxS\amd64_microsoft.windows.common-controls_6595b64144ccf1df_6.0.22000.120_none_9d947278b86cc467\COMCTL32.dll
0x00007ff9d4310000 - 0x00007ff9d43b3000 	C:\WINDOWS\System32\msvcrt.dll
0x00007ff9d61c0000 - 0x00007ff9d61f1000 	C:\WINDOWS\System32\IMM32.DLL
0x00007ff9d1940000 - 0x00007ff9d1a42000 	C:\Program Files\Avecto\Privilege Guard Client\PGHook.dll
0x00007ff9b4940000 - 0x00007ff9b49db000 	C:\Program Files\Java\jdk-11.0.15+10\bin\msvcp140.dll
0x00007ff966560000 - 0x00007ff9670e1000 	C:\Program Files\Java\jdk-11.0.15+10\bin\server\jvm.dll
0x00007ff9d5370000 - 0x00007ff9d541f000 	C:\WINDOWS\System32\ADVAPI32.dll
0x00007ff9d4120000 - 0x00007ff9d41be000 	C:\WINDOWS\System32\sechost.dll
0x00007ff9d41e0000 - 0x00007ff9d4301000 	C:\WINDOWS\System32\RPCRT4.dll
0x00007ff9d52f0000 - 0x00007ff9d52f8000 	C:\WINDOWS\System32\PSAPI.DLL
0x00007ff9cb860000 - 0x00007ff9cb86a000 	C:\WINDOWS\SYSTEM32\VERSION.dll
0x00007ff9aba30000 - 0x00007ff9aba39000 	C:\WINDOWS\SYSTEM32\WSOCK32.dll
0x00007ff9cbe20000 - 0x00007ff9cbe53000 	C:\WINDOWS\SYSTEM32\WINMM.dll
0x00007ff9d40b0000 - 0x00007ff9d411f000 	C:\WINDOWS\System32\WS2_32.dll
0x00007ff9d2700000 - 0x00007ff9d2718000 	C:\WINDOWS\SYSTEM32\kernel.appcore.dll
0x00007ff9cbed0000 - 0x00007ff9cbee0000 	C:\Program Files\Java\jdk-11.0.15+10\bin\verify.dll
0x00007ff9cfe90000 - 0x00007ff9d00b1000 	C:\WINDOWS\SYSTEM32\DBGHELP.DLL
0x00007ff9af4c0000 - 0x00007ff9af4f1000 	C:\WINDOWS\SYSTEM32\dbgcore.DLL
0x00007ff9d3d40000 - 0x00007ff9d3dbf000 	C:\WINDOWS\System32\bcryptPrimitives.dll
0x00007ff9be6c0000 - 0x00007ff9be6e8000 	C:\Program Files\Java\jdk-11.0.15+10\bin\java.dll
0x00007ff9bfd20000 - 0x00007ff9bfd2a000 	C:\Program Files\Java\jdk-11.0.15+10\bin\jimage.dll
0x00007ff9be430000 - 0x00007ff9be448000 	C:\Program Files\Java\jdk-11.0.15+10\bin\zip.dll
0x00007ff9d5420000 - 0x00007ff9d5be5000 	C:\WINDOWS\System32\SHELL32.dll
0x00007ff9d0df0000 - 0x00007ff9d1654000 	C:\WINDOWS\SYSTEM32\windows.storage.dll
0x00007ff9d4f70000 - 0x00007ff9d52e6000 	C:\WINDOWS\System32\combase.dll
0x00007ff9d0c80000 - 0x00007ff9d0de7000 	C:\WINDOWS\SYSTEM32\wintypes.dll
0x00007ff9d5e30000 - 0x00007ff9d5f1a000 	C:\WINDOWS\System32\SHCORE.dll
0x00007ff9d4660000 - 0x00007ff9d46bd000 	C:\WINDOWS\System32\shlwapi.dll
0x00007ff9d3620000 - 0x00007ff9d3641000 	C:\WINDOWS\SYSTEM32\profapi.dll
0x00007ff9be1e0000 - 0x00007ff9be1f9000 	C:\Program Files\Java\jdk-11.0.15+10\bin\net.dll
0x00007ff9d2720000 - 0x00007ff9d2833000 	C:\WINDOWS\SYSTEM32\WINHTTP.dll
0x00007ff9d2cb0000 - 0x00007ff9d2d17000 	C:\WINDOWS\system32\mswsock.dll
0x00007ff9b9f90000 - 0x00007ff9b9fa3000 	C:\Program Files\Java\jdk-11.0.15+10\bin\nio.dll
0x00007ff9b54c0000 - 0x00007ff9b5535000 	C:\Users\kxu\AppData\Local\Temp\lwjglKXu\3.3.1-build-7\lwjgl.dll
0x00007ff9b67e0000 - 0x00007ff9b6841000 	C:\Users\kxu\AppData\Local\Temp\lwjglKXu\3.3.1-build-7\glfw.dll
0x00007ff9b48f0000 - 0x00007ff9b4935000 	C:\WINDOWS\SYSTEM32\dinput8.dll
0x00007ff9be2b0000 - 0x00007ff9be2c1000 	C:\WINDOWS\SYSTEM32\xinput1_4.dll
0x00007ff9d33f0000 - 0x00007ff9d343c000 	C:\WINDOWS\SYSTEM32\cfgmgr32.dll
0x00007ff9d33c0000 - 0x00007ff9d33ec000 	C:\WINDOWS\SYSTEM32\DEVOBJ.dll
0x00007ff9d06d0000 - 0x00007ff9d06ff000 	C:\WINDOWS\SYSTEM32\dwmapi.dll
0x00007ff9b8c10000 - 0x00007ff9b8dd9000 	C:\WINDOWS\SYSTEM32\inputhost.dll
0x00007ff9cdce0000 - 0x00007ff9cde11000 	C:\WINDOWS\SYSTEM32\CoreMessaging.dll
0x00007ff9d00f0000 - 0x00007ff9d019c000 	C:\WINDOWS\system32\uxtheme.dll
0x00007ff9d4540000 - 0x00007ff9d465d000 	C:\WINDOWS\System32\MSCTF.dll
0x00007ff9d2ea0000 - 0x00007ff9d2eac000 	C:\WINDOWS\SYSTEM32\CRYPTBASE.DLL
0x00007ff9b3bd0000 - 0x00007ff9b3cd1000 	C:\WINDOWS\SYSTEM32\opengl32.dll
0x00007ff9bad20000 - 0x00007ff9bad4d000 	C:\WINDOWS\SYSTEM32\GLU32.dll
0x00007ff9d0550000 - 0x00007ff9d0588000 	C:\WINDOWS\SYSTEM32\dxcore.dll
0x00007ff9caa10000 - 0x00007ff9caa54000 	C:\WINDOWS\SYSTEM32\directxdatabasehelper.dll
0x00007ff9d2840000 - 0x00007ff9d2874000 	C:\WINDOWS\SYSTEM32\ntmarta.dll
0x00007ff9d5d70000 - 0x00007ff9d5e1f000 	C:\WINDOWS\System32\clbcatq.dll
0x00007ff979090000 - 0x00007ff97a059000 	C:\WINDOWS\System32\DriverStore\FileRepository\iigd_dch.inf_amd64_3407fa4339f458c2\igxelpicd64.dll
0x00007ff9d6020000 - 0x00007ff9d61ba000 	C:\WINDOWS\System32\ole32.dll
0x00007ff9d03f0000 - 0x00007ff9d04e3000 	C:\WINDOWS\system32\dxgi.dll
0x00007ff978c50000 - 0x00007ff97908c000 	C:\WINDOWS\System32\DriverStore\FileRepository\iigd_dch.inf_amd64_3407fa4339f458c2\igdml64.dll
0x00007ff9c6460000 - 0x00007ff9c6818000 	C:\WINDOWS\System32\DriverStore\FileRepository\iigd_dch.inf_amd64_3407fa4339f458c2\igdgmm64.dll
0x00007ff9c34e0000 - 0x00007ff9c6288000 	C:\WINDOWS\System32\DriverStore\FileRepository\iigd_dch.inf_amd64_3407fa4339f458c2\igc64.dll
0x00007ff9d16a0000 - 0x00007ff9d16ed000 	C:\WINDOWS\SYSTEM32\powrprof.dll
0x00007ff9d17d0000 - 0x00007ff9d17e3000 	C:\WINDOWS\SYSTEM32\UMPDC.dll
0x00007ff9b2a30000 - 0x00007ff9b2a8d000 	C:\Users\kxu\AppData\Local\Temp\lwjglKXu\3.3.1-build-7\lwjgl_opengl.dll
0x00007ff9a5340000 - 0x00007ff9a546c000 	C:\WINDOWS\SYSTEM32\textinputframework.dll
0x00007ff9d5c90000 - 0x00007ff9d5d66000 	C:\WINDOWS\System32\OLEAUT32.dll
0x00007ff9c9e80000 - 0x00007ff9ca1ed000 	C:\WINDOWS\SYSTEM32\CoreUIComponents.dll
0x00007ff9b9280000 - 0x00007ff9b92e9000 	C:\WINDOWS\system32\Oleacc.dll
0x00007ff920d90000 - 0x00007ff921b77000 	C:\Users\kxu\AppData\Local\Temp\imgui-java-natives_1686931922630\imgui-java64.dll

dbghelp: loaded successfully - version: 4.0.5 - missing functions: none
symbol engine: initialized successfully - sym options: 0x614 - pdb path: .;C:\Program Files\Java\jdk-11.0.15+10\bin;C:\WINDOWS\SYSTEM32;C:\WINDOWS\WinSxS\amd64_microsoft.windows.common-controls_6595b64144ccf1df_6.0.22000.120_none_9d947278b86cc467;C:\Program Files\Avecto\Privilege Guard Client;C:\Program Files\Java\jdk-11.0.15+10\bin\server;C:\Users\kxu\AppData\Local\Temp\lwjglKXu\3.3.1-build-7;C:\WINDOWS\System32\DriverStore\FileRepository\iigd_dch.inf_amd64_3407fa4339f458c2;C:\Users\kxu\AppData\Local\Temp\imgui-java-natives_1686931922630

VM Arguments:
jvm_args: -Dfile.encoding=UTF-8 
java_command: terminal.Main
java_class_path (initial): C:\Users\kxu\Desktop\proj\comet\terminal\bin\main;C:\Users\kxu\.gradle\caches\modules-2\files-2.1\io.github.spair\imgui-java-app\1.86.10\b5b9653a24756be6751f6f3ccfa71a5c4277a021\imgui-java-app-1.86.10.jar;C:\Users\kxu\.gradle\caches\modules-2\files-2.1\org.lwjgl\lwjgl-glfw\3.3.1\cbac1b8d30cb4795149c1ef540f912671a8616d0\lwjgl-glfw-3.3.1.jar;C:\Users\kxu\.gradle\caches\modules-2\files-2.1\org.lwjgl\lwjgl-glfw\3.3.1\81716978214ecbda15050ca394b06ef61501a49e\lwjgl-glfw-3.3.1-natives-linux.jar;C:\Users\kxu\.gradle\caches\modules-2\files-2.1\org.lwjgl\lwjgl-glfw\3.3.1\ed892f945cf7e79c8756796f32d00fa4ceaf573b\lwjgl-glfw-3.3.1-natives-windows.jar;C:\Users\kxu\.gradle\caches\modules-2\files-2.1\org.lwjgl\lwjgl-glfw\3.3.1\9ec4ce1fc8c85fdef03ef4ff2aace6f5775fb280\lwjgl-glfw-3.3.1-natives-macos.jar;C:\Users\kxu\.gradle\caches\modules-2\files-2.1\org.lwjgl\lwjgl-opengl\3.3.1\831a5533a21a5f4f81bbc51bb13e9899319b5411\lwjgl-opengl-3.3.1.jar;C:\Users\kxu\.gradle\caches\modules-2\files-2.1\org.lwjgl\lwjgl-opengl\3.3.1\ab9ab6fde3743e3550fa5d46d785ecb45b047d99\lwjgl-opengl-3.3.1-natives-linux.jar;C:\Users\kxu\.gradle\caches\modules-2\files-2.1\org.lwjgl\lwjgl-opengl\3.3.1\c1807e9bd571402787d7e37e3029776ae2513bb8\lwjgl-opengl-3.3.1-natives-windows.jar;C:\Users\kxu\.gradle\caches\modules-2\files-2.1\org.lwjgl\lwjgl-opengl\3.3.1\a0d12697ea019a7362eff26475b0531340e876a6\lwjgl-opengl-3.3.1-natives-macos.jar;C:\Users\kxu\.gradle\caches\modules-2\files-2.1\org.lwjgl\lwjgl\3.3.1\ae58664f88e18a9bb2c77b063833ca7aaec484cb\lwjgl-3.3.1.jar;C:\Users\kxu\.gradle\caches\modules-2\files-2.1\org.lwjgl\lwjgl\3.3.1\1de885aba434f934201b99f2f1afb142036ac189\lwjgl-3.3.1-natives-linux.jar;C:\Users\kxu\.gradle\caches\modules-2\files-2.1\org.lwjgl\lwjgl\3.3.1\36c37f16ab611b3aa11f3bcf80b1d509b4ce6b\lwjgl-3.3.1-natives-windows.jar;C:\Users\kxu\.gradle\caches\modules-2\files-2.1\org.lwjgl\lwjgl\3.3.1\fc6bb723dec2cd031557dccb2a95f0ab80acb9db\lwjgl-3.3.1-natives-macos.jar;C:\Users\kxu\.gr
Launcher Type: SUN_STANDARD

[Global flags]
     intx CICompilerCount                          = 4                                         {product} {ergonomic}
     uint ConcGCThreads                            = 2                                         {product} {ergonomic}
     uint G1ConcRefinementThreads                  = 8                                         {product} {ergonomic}
   size_t G1HeapRegionSize                         = 1048576                                   {product} {ergonomic}
    uintx GCDrainStackTargetSize                   = 64                                        {product} {ergonomic}
   size_t InitialHeapSize                          = 260046848                                 {product} {ergonomic}
   size_t MarkStackSize                            = 4194304                                   {product} {ergonomic}
   size_t MaxHeapSize                              = 4137680896                                {product} {ergonomic}
   size_t MaxNewSize                               = 2481979392                                {product} {ergonomic}
   size_t MinHeapDeltaBytes                        = 1048576                                   {product} {ergonomic}
    uintx NonNMethodCodeHeapSize                   = 5836300                                {pd product} {ergonomic}
    uintx NonProfiledCodeHeapSize                  = 122910970                              {pd product} {ergonomic}
    uintx ProfiledCodeHeapSize                     = 122910970                              {pd product} {ergonomic}
    uintx ReservedCodeCacheSize                    = 251658240                              {pd product} {ergonomic}
     bool SegmentedCodeCache                       = true                                      {product} {ergonomic}
     bool UseCompressedClassPointers               = true                                 {lp64_product} {ergonomic}
     bool UseCompressedOops                        = true                                 {lp64_product} {ergonomic}
     bool UseG1GC                                  = true                                      {product} {ergonomic}
     bool UseLargePagesIndividualAllocation        = false                                  {pd product} {ergonomic}

Logging:
Log output configuration:
 #0: stdout all=warning uptime,level,tags
 #1: stderr all=off uptime,level,tags

Environment Variables:
JAVA_HOME=C:\Program Files\Java\jdk-11.0.15+10
PATH=C:/Program Files/Java/jdk-11.0.15+10/bin/server;C:/Program Files/Java/jdk-11.0.15+10/bin;C:\Python310\Scripts\;C:\Python310\;C:\WINDOWS\system32;C:\WINDOWS;C:\WINDOWS\System32\Wbem;C:\WINDOWS\System32\WindowsPowerShell\v1.0\;C:\WINDOWS\System32\OpenSSH\;C:\Program Files\Java\jdk-11.0.15+10\bin;C:\Program Files\Perforce\;C:\development\apache-ant-1.10.12\bin;C:\ProgramData\chocolatey\bin;C:\Program Files\nodejs\;C:\Program Files\Git\cmd;C:\Users\kxu\AppData\Local\Microsoft\WindowsApps;C:\Users\kxu\AppData\Local\Programs\Microsoft VS Code\bin;C:\Users\kxu\AppData\Local\Programs\Collaborator Client;C:\Users\kxu\AppData\Roaming\npm;C:\WINDOWS\System32;
USERNAME=KXu
OS=Windows_NT
PROCESSOR_IDENTIFIER=Intel64 Family 6 Model 140 Stepping 1, GenuineIntel



---------------  S Y S T E M  ---------------

OS: Windows 11 , 64 bit Build 22000 (10.0.22000.1880)
OS uptime: 15 days 2:01 hours
Hyper-V role detected

CPU:total 8 (initial active 8) (4 cores per cpu, 2 threads per core) family 6 model 140 stepping 1 microcode 0x86, cmov, cx8, fxsr, mmx, sse, sse2, sse3, ssse3, sse4.1, sse4.2, popcnt, avx, avx2, aes, clmul, erms, 3dnowpref, lzcnt, ht, tsc, tscinvbit, bmi1, bmi2, adx, evex, sha, fma

Memory: 4k page, system-wide physical 15777M (2742M free)
TotalPageFile size 19279M (AvailPageFile size 2926M)
current process WorkingSet (physical memory assigned to process): 156M, peak: 161M
current process commit charge ("private bytes"): 395M, peak: 395M

vm_info: OpenJDK 64-Bit Server VM (11.0.15+10) for windows-amd64 JRE (11.0.15+10), built on Apr 19 2022 22:29:44 by "" with unknown MS VC++:1916

END.
